<?xml version="1.0" encoding="UTF-8"?>
<testng-results skipped="0" failed="0" total="1" passed="1">
  <reporter-output>
  </reporter-output>
  <suite name="Default suite" duration-ms="17796" started-at="2018-05-22T07:15:42Z" finished-at="2018-05-22T07:16:00Z">
    <groups>
    </groups>
    <test name="Default test" duration-ms="17796" started-at="2018-05-22T07:15:42Z" finished-at="2018-05-22T07:16:00Z">
      <class name="com.HelpResume.tasteCasehome.HomePageTest">
        <test-method status="PASS" signature="setup()[pri:0, instance:com.HelpResume.tasteCasehome.HomePageTest@f777e8]" name="setup" is-config="true" duration-ms="8416" started-at="2018-05-22T12:45:42Z" finished-at="2018-05-22T12:45:51Z">
          <reporter-output>
          </reporter-output>
        </test-method> <!-- setup -->
        <test-method status="PASS" signature="nextcreatepage()[pri:0, instance:com.HelpResume.tasteCasehome.HomePageTest@f777e8]" name="nextcreatepage" duration-ms="9361" started-at="2018-05-22T12:45:51Z" finished-at="2018-05-22T12:46:00Z">
          <reporter-output>
          </reporter-output>
        </test-method> <!-- nextcreatepage -->
      </class> <!-- com.HelpResume.tasteCasehome.HomePageTest -->
    </test> <!-- Default test -->
  </suite> <!-- Default suite -->
</testng-results>
